# JRE version: OpenJDK Runtime Environment (8.0_242-b01) (build 1.8.0_242-release-1644-b01)
# Java VM: OpenJDK 64-Bit Server VM (25.242-b01 mixed mode windows-amd64 compressed oops)
Heap:
 PSYoungGen      total 286720K, used 137258K [0x00000000d5580000, 0x00000000ed180000, 0x0000000100000000)
  eden space 193024K, 39% used [0x00000000d5580000,0x00000000d9f63c60,0x00000000e1200000)
  from space 93696K, 65% used [0x00000000e1200000,0x00000000e4e26f40,0x00000000e6d80000)
  to   space 88064K, 0% used [0x00000000e6d80000,0x00000000e6d80000,0x00000000ec380000)
 ParOldGen       total 195584K, used 85212K [0x0000000080000000, 0x000000008bf00000, 0x00000000d5580000)
  object space 195584K, 43% used [0x0000000080000000,0x0000000085337010,0x000000008bf00000)
 Metaspace       used 126200K, capacity 136030K, committed 136216K, reserved 1167360K
  class space    used 16111K, capacity 17834K, committed 17960K, reserved 1048576K
GC Heap History (10 events):
Event: 8751.364 GC heap before
{Heap before GC invocations=75 (full 6):
 PSYoungGen      total 226304K, used 218528K [0x00000000d5580000, 0x00000000e7b00000, 0x0000000100000000)
  eden space 169472K, 100% used [0x00000000d5580000,0x00000000dfb00000,0x00000000dfb00000)
  from space 56832K, 86% used [0x00000000e3900000,0x00000000e68e81c0,0x00000000e7080000)
  to   space 63488K, 0% used [0x00000000dfb00000,0x00000000dfb00000,0x00000000e3900000)
 ParOldGen       total 195584K, used 50438K [0x0000000080000000, 0x000000008bf00000, 0x00000000d5580000)
  object space 195584K, 25% used [0x0000000080000000,0x0000000083141b58,0x000000008bf00000)
 Metaspace       used 124986K, capacity 134684K, committed 134936K, reserved 1167360K
  class space    used 15956K, capacity 17669K, committed 17704K, reserved 1048576K
Event: 8751.392 GC heap after
Heap after GC invocations=75 (full 6):
 PSYoungGen      total 232960K, used 63471K [0x00000000d5580000, 0x00000000ea280000, 0x0000000100000000)
  eden space 169472K, 0% used [0x00000000d5580000,0x00000000d5580000,0x00000000dfb00000)
  from space 63488K, 99% used [0x00000000dfb00000,0x00000000e38fbe88,0x00000000e3900000)
  to   space 76800K, 0% used [0x00000000e5780000,0x00000000e5780000,0x00000000ea280000)
 ParOldGen       total 195584K, used 58791K [0x0000000080000000, 0x000000008bf00000, 0x00000000d5580000)
  object space 195584K, 30% used [0x0000000080000000,0x0000000083969e18,0x000000008bf00000)
 Metaspace       used 124986K, capacity 134684K, committed 134936K, reserved 1167360K
  class space    used 15956K, capacity 17669K, committed 17704K, reserved 1048576K
}
Event: 8752.892 GC heap before
{Heap before GC invocations=76 (full 6):
 PSYoungGen      total 232960K, used 232943K [0x00000000d5580000, 0x00000000ea280000, 0x0000000100000000)
  eden space 169472K, 100% used [0x00000000d5580000,0x00000000dfb00000,0x00000000dfb00000)
  from space 63488K, 99% used [0x00000000dfb00000,0x00000000e38fbe88,0x00000000e3900000)
  to   space 76800K, 0% used [0x00000000e5780000,0x00000000e5780000,0x00000000ea280000)
 ParOldGen       total 195584K, used 58791K [0x0000000080000000, 0x000000008bf00000, 0x00000000d5580000)
  object space 195584K, 30% used [0x0000000080000000,0x0000000083969e18,0x000000008bf00000)
 Metaspace       used 125441K, capacity 135118K, committed 135320K, reserved 1167360K
  class space    used 16010K, capacity 17724K, committed 17832K, reserved 1048576K
Event: 8752.919 GC heap after
Heap after GC invocations=76 (full 6):
 PSYoungGen      total 258048K, used 60049K [0x00000000d5580000, 0x00000000eae00000, 0x0000000100000000)
  eden space 181248K, 0% used [0x00000000d5580000,0x00000000d5580000,0x00000000e0680000)
  from space 76800K, 78% used [0x00000000e5780000,0x00000000e9224708,0x00000000ea280000)
  to   space 82944K, 0% used [0x00000000e0680000,0x00000000e0680000,0x00000000e5780000)
 ParOldGen       total 195584K, used 60007K [0x0000000080000000, 0x000000008bf00000, 0x00000000d5580000)
  object space 195584K, 30% used [0x0000000080000000,0x0000000083a99f30,0x000000008bf00000)
 Metaspace       used 125441K, capacity 135118K, committed 135320K, reserved 1167360K
  class space    used 16010K, capacity 17724K, committed 17832K, reserved 1048576K
}
Event: 8755.734 GC heap before
{Heap before GC invocations=77 (full 6):
 PSYoungGen      total 258048K, used 241297K [0x00000000d5580000, 0x00000000eae00000, 0x0000000100000000)
  eden space 181248K, 100% used [0x00000000d5580000,0x00000000e0680000,0x00000000e0680000)
  from space 76800K, 78% used [0x00000000e5780000,0x00000000e9224708,0x00000000ea280000)
  to   space 82944K, 0% used [0x00000000e0680000,0x00000000e0680000,0x00000000e5780000)
 ParOldGen       total 195584K, used 60007K [0x0000000080000000, 0x000000008bf00000, 0x00000000d5580000)
  object space 195584K, 30% used [0x0000000080000000,0x0000000083a99f30,0x000000008bf00000)
 Metaspace       used 125945K, capacity 135726K, committed 135832K, reserved 1167360K
  class space    used 16073K, capacity 17810K, committed 17832K, reserved 1048576K
Event: 8755.776 GC heap after
Heap after GC invocations=77 (full 6):
 PSYoungGen      total 264192K, used 60047K [0x00000000d5580000, 0x00000000ec380000, 0x0000000100000000)
  eden space 181248K, 0% used [0x00000000d5580000,0x00000000d5580000,0x00000000e0680000)
  from space 82944K, 72% used [0x00000000e0680000,0x00000000e4123d08,0x00000000e5780000)
  to   space 88064K, 0% used [0x00000000e6d80000,0x00000000e6d80000,0x00000000ec380000)
 ParOldGen       total 195584K, used 60114K [0x0000000080000000, 0x000000008bf00000, 0x00000000d5580000)
  object space 195584K, 30% used [0x0000000080000000,0x0000000083ab4aa8,0x000000008bf00000)
 Metaspace       used 125945K, capacity 135726K, committed 135832K, reserved 1167360K
  class space    used 16073K, capacity 17810K, committed 17832K, reserved 1048576K
}
Event: 8756.383 GC heap before
{Heap before GC invocations=78 (full 6):
 PSYoungGen      total 264192K, used 241295K [0x00000000d5580000, 0x00000000ec380000, 0x0000000100000000)
  eden space 181248K, 100% used [0x00000000d5580000,0x00000000e0680000,0x00000000e0680000)
  from space 82944K, 72% used [0x00000000e0680000,0x00000000e4123d08,0x00000000e5780000)
  to   space 88064K, 0% used [0x00000000e6d80000,0x00000000e6d80000,0x00000000ec380000)
 ParOldGen       total 195584K, used 60114K [0x0000000080000000, 0x000000008bf00000, 0x00000000d5580000)
  object space 195584K, 30% used [0x0000000080000000,0x0000000083ab4aa8,0x000000008bf00000)
 Metaspace       used 125986K, capacity 135802K, committed 135832K, reserved 1167360K
  class space    used 16076K, capacity 17812K, committed 17832K, reserved 1048576K
Event: 8756.417 GC heap after
Heap after GC invocations=78 (full 6):
 PSYoungGen      total 281088K, used 64761K [0x00000000d5580000, 0x00000000ed180000, 0x0000000100000000)
  eden space 193024K, 0% used [0x00000000d5580000,0x00000000d5580000,0x00000000e1200000)
  from space 88064K, 73% used [0x00000000e6d80000,0x00000000eacbe668,0x00000000ec380000)
  to   space 93696K, 0% used [0x00000000e1200000,0x00000000e1200000,0x00000000e6d80000)
 ParOldGen       total 195584K, used 66932K [0x0000000080000000, 0x000000008bf00000, 0x00000000d5580000)
  object space 195584K, 34% used [0x0000000080000000,0x000000008415d138,0x000000008bf00000)
 Metaspace       used 125986K, capacity 135802K, committed 135832K, reserved 1167360K
  class space    used 16076K, capacity 17812K, committed 17832K, reserved 1048576K
}
Event: 8758.016 GC heap before
{Heap before GC invocations=79 (full 6):
 PSYoungGen      total 281088K, used 257785K [0x00000000d5580000, 0x00000000ed180000, 0x0000000100000000)
  eden space 193024K, 100% used [0x00000000d5580000,0x00000000e1200000,0x00000000e1200000)
  from space 88064K, 73% used [0x00000000e6d80000,0x00000000eacbe668,0x00000000ec380000)
  to   space 93696K, 0% used [0x00000000e1200000,0x00000000e1200000,0x00000000e6d80000)
 ParOldGen       total 195584K, used 66932K [0x0000000080000000, 0x000000008bf00000, 0x00000000d5580000)
  object space 195584K, 34% used [0x0000000080000000,0x000000008415d138,0x000000008bf00000)
 Metaspace       used 126157K, capacity 135998K, committed 136088K, reserved 1167360K
  class space    used 16103K, capacity 17826K, committed 17832K, reserved 1048576K
Event: 8758.049 GC heap after
Heap after GC invocations=79 (full 6):
 PSYoungGen      total 286720K, used 61595K [0x00000000d5580000, 0x00000000ed180000, 0x0000000100000000)
  eden space 193024K, 0% used [0x00000000d5580000,0x00000000d5580000,0x00000000e1200000)
  from space 93696K, 65% used [0x00000000e1200000,0x00000000e4e26f40,0x00000000e6d80000)
  to   space 88064K, 0% used [0x00000000e6d80000,0x00000000e6d80000,0x00000000ec380000)
 ParOldGen       total 195584K, used 85212K [0x0000000080000000, 0x000000008bf00000, 0x00000000d5580000)
  object space 195584K, 43% used [0x0000000080000000,0x0000000085337010,0x000000008bf00000)
 Metaspace       used 126157K, capacity 135998K, committed 136088K, reserved 1167360K
  class space    used 16103K, capacity 17826K, committed 17832K, reserved 1048576K
}

