# JRE version: OpenJDK Runtime Environment (8.0_242-b01) (build 1.8.0_242-release-1644-b01)
# Java VM: OpenJDK 64-Bit Server VM (25.242-b01 mixed mode windows-amd64 compressed oops)
Heap:
 PSYoungGen      total 491008K, used 483906K [0x00000000d5580000, 0x00000000fa700000, 0x0000000100000000)
  eden space 461824K, 99% used [0x00000000d5580000,0x00000000f184ca68,0x00000000f1880000)
  from space 29184K, 76% used [0x00000000f1880000,0x00000000f2e43e80,0x00000000f3500000)
  to   space 31232K, 0% used [0x00000000f8880000,0x00000000f8880000,0x00000000fa700000)
 ParOldGen       total 129536K, used 53609K [0x0000000080000000, 0x0000000087e80000, 0x00000000d5580000)
  object space 129536K, 41% used [0x0000000080000000,0x000000008345a548,0x0000000087e80000)
 Metaspace       used 88895K, capacity 95714K, committed 95896K, reserved 1132544K
  class space    used 12143K, capacity 13402K, committed 13488K, reserved 1048576K
GC Heap History (10 events):
Event: 7.307 GC heap before
{Heap before GC invocations=10 (full 2):
 PSYoungGen      total 271872K, used 256000K [0x00000000d5580000, 0x00000000ee700000, 0x0000000100000000)
  eden space 256000K, 100% used [0x00000000d5580000,0x00000000e4f80000,0x00000000e4f80000)
  from space 15872K, 0% used [0x00000000e4f80000,0x00000000e4f80000,0x00000000e5f00000)
  to   space 15360K, 0% used [0x00000000ed800000,0x00000000ed800000,0x00000000ee700000)
 ParOldGen       total 82944K, used 15290K [0x0000000080000000, 0x0000000085100000, 0x00000000d5580000)
  object space 82944K, 18% used [0x0000000080000000,0x0000000080eee9b0,0x0000000085100000)
 Metaspace       used 46349K, capacity 48240K, committed 48424K, reserved 1091584K
  class space    used 6268K, capacity 6630K, committed 6704K, reserved 1048576K
Event: 7.319 GC heap after
Heap after GC invocations=10 (full 2):
 PSYoungGen      total 391680K, used 15359K [0x00000000d5580000, 0x00000000eeb00000, 0x0000000100000000)
  eden space 376320K, 0% used [0x00000000d5580000,0x00000000d5580000,0x00000000ec500000)
  from space 15360K, 99% used [0x00000000ed800000,0x00000000ee6ffc40,0x00000000ee700000)
  to   space 19456K, 0% used [0x00000000ec500000,0x00000000ec500000,0x00000000ed800000)
 ParOldGen       total 82944K, used 19071K [0x0000000080000000, 0x0000000085100000, 0x00000000d5580000)
  object space 82944K, 22% used [0x0000000080000000,0x000000008129fd20,0x0000000085100000)
 Metaspace       used 46349K, capacity 48240K, committed 48424K, reserved 1091584K
  class space    used 6268K, capacity 6630K, committed 6704K, reserved 1048576K
}
Event: 10.915 GC heap before
{Heap before GC invocations=11 (full 2):
 PSYoungGen      total 391680K, used 155847K [0x00000000d5580000, 0x00000000eeb00000, 0x0000000100000000)
  eden space 376320K, 37% used [0x00000000d5580000,0x00000000ddeb1fc0,0x00000000ec500000)
  from space 15360K, 99% used [0x00000000ed800000,0x00000000ee6ffc40,0x00000000ee700000)
  to   space 19456K, 0% used [0x00000000ec500000,0x00000000ec500000,0x00000000ed800000)
 ParOldGen       total 82944K, used 19071K [0x0000000080000000, 0x0000000085100000, 0x00000000d5580000)
  object space 82944K, 22% used [0x0000000080000000,0x000000008129fd20,0x0000000085100000)
 Metaspace       used 56825K, capacity 59048K, committed 59160K, reserved 1099776K
  class space    used 7692K, capacity 8157K, committed 8240K, reserved 1048576K
Event: 10.930 GC heap after
Heap after GC invocations=11 (full 2):
 PSYoungGen      total 395776K, used 19441K [0x00000000d5580000, 0x00000000f5180000, 0x0000000100000000)
  eden space 376320K, 0% used [0x00000000d5580000,0x00000000d5580000,0x00000000ec500000)
  from space 19456K, 99% used [0x00000000ec500000,0x00000000ed7fc528,0x00000000ed800000)
  to   space 25088K, 0% used [0x00000000f3900000,0x00000000f3900000,0x00000000f5180000)
 ParOldGen       total 82944K, used 25792K [0x0000000080000000, 0x0000000085100000, 0x00000000d5580000)
  object space 82944K, 31% used [0x0000000080000000,0x0000000081930120,0x0000000085100000)
 Metaspace       used 56825K, capacity 59048K, committed 59160K, reserved 1099776K
  class space    used 7692K, capacity 8157K, committed 8240K, reserved 1048576K
}
Event: 10.930 GC heap before
{Heap before GC invocations=12 (full 3):
 PSYoungGen      total 395776K, used 19441K [0x00000000d5580000, 0x00000000f5180000, 0x0000000100000000)
  eden space 376320K, 0% used [0x00000000d5580000,0x00000000d5580000,0x00000000ec500000)
  from space 19456K, 99% used [0x00000000ec500000,0x00000000ed7fc528,0x00000000ed800000)
  to   space 25088K, 0% used [0x00000000f3900000,0x00000000f3900000,0x00000000f5180000)
 ParOldGen       total 82944K, used 25792K [0x0000000080000000, 0x0000000085100000, 0x00000000d5580000)
  object space 82944K, 31% used [0x0000000080000000,0x0000000081930120,0x0000000085100000)
 Metaspace       used 56825K, capacity 59048K, committed 59160K, reserved 1099776K
  class space    used 7692K, capacity 8157K, committed 8240K, reserved 1048576K
Event: 11.073 GC heap after
Heap after GC invocations=12 (full 3):
 PSYoungGen      total 395776K, used 0K [0x00000000d5580000, 0x00000000f5180000, 0x0000000100000000)
  eden space 376320K, 0% used [0x00000000d5580000,0x00000000d5580000,0x00000000ec500000)
  from space 19456K, 0% used [0x00000000ec500000,0x00000000ec500000,0x00000000ed800000)
  to   space 25088K, 0% used [0x00000000f3900000,0x00000000f3900000,0x00000000f5180000)
 ParOldGen       total 129536K, used 38539K [0x0000000080000000, 0x0000000087e80000, 0x00000000d5580000)
  object space 129536K, 29% used [0x0000000080000000,0x00000000825a2fb8,0x0000000087e80000)
 Metaspace       used 56799K, capacity 58958K, committed 59160K, reserved 1099776K
  class space    used 7683K, capacity 8142K, committed 8240K, reserved 1048576K
}
Event: 26.838 GC heap before
{Heap before GC invocations=13 (full 3):
 PSYoungGen      total 395776K, used 376320K [0x00000000d5580000, 0x00000000f5180000, 0x0000000100000000)
  eden space 376320K, 100% used [0x00000000d5580000,0x00000000ec500000,0x00000000ec500000)
  from space 19456K, 0% used [0x00000000ec500000,0x00000000ec500000,0x00000000ed800000)
  to   space 25088K, 0% used [0x00000000f3900000,0x00000000f3900000,0x00000000f5180000)
 ParOldGen       total 129536K, used 38539K [0x0000000080000000, 0x0000000087e80000, 0x00000000d5580000)
  object space 129536K, 29% used [0x0000000080000000,0x00000000825a2fb8,0x0000000087e80000)
 Metaspace       used 70678K, capacity 73984K, committed 74392K, reserved 1114112K
  class space    used 9445K, capacity 10049K, committed 10160K, reserved 1048576K
Event: 26.855 GC heap after
Heap after GC invocations=13 (full 3):
 PSYoungGen      total 482816K, used 25059K [0x00000000d5580000, 0x00000000f5180000, 0x0000000100000000)
  eden space 457728K, 0% used [0x00000000d5580000,0x00000000d5580000,0x00000000f1480000)
  from space 25088K, 99% used [0x00000000f3900000,0x00000000f5178c40,0x00000000f5180000)
  to   space 29184K, 0% used [0x00000000f1880000,0x00000000f1880000,0x00000000f3500000)
 ParOldGen       total 129536K, used 39226K [0x0000000080000000, 0x0000000087e80000, 0x00000000d5580000)
  object space 129536K, 30% used [0x0000000080000000,0x000000008264eaf0,0x0000000087e80000)
 Metaspace       used 70678K, capacity 73984K, committed 74392K, reserved 1114112K
  class space    used 9445K, capacity 10049K, committed 10160K, reserved 1048576K
}
Event: 32.726 GC heap before
{Heap before GC invocations=14 (full 3):
 PSYoungGen      total 482816K, used 482787K [0x00000000d5580000, 0x00000000f5180000, 0x0000000100000000)
  eden space 457728K, 100% used [0x00000000d5580000,0x00000000f1480000,0x00000000f1480000)
  from space 25088K, 99% used [0x00000000f3900000,0x00000000f5178c40,0x00000000f5180000)
  to   space 29184K, 0% used [0x00000000f1880000,0x00000000f1880000,0x00000000f3500000)
 ParOldGen       total 129536K, used 39226K [0x0000000080000000, 0x0000000087e80000, 0x00000000d5580000)
  object space 129536K, 30% used [0x0000000080000000,0x000000008264eaf0,0x0000000087e80000)
 Metaspace       used 87001K, capacity 93676K, committed 93848K, reserved 1130496K
  class space    used 11975K, capacity 13203K, committed 13232K, reserved 1048576K
Event: 32.750 GC heap after
Heap after GC invocations=14 (full 3):
 PSYoungGen      total 491008K, used 22287K [0x00000000d5580000, 0x00000000fa700000, 0x0000000100000000)
  eden space 461824K, 0% used [0x00000000d5580000,0x00000000d5580000,0x00000000f1880000)
  from space 29184K, 76% used [0x00000000f1880000,0x00000000f2e43e80,0x00000000f3500000)
  to   space 31232K, 0% used [0x00000000f8880000,0x00000000f8880000,0x00000000fa700000)
 ParOldGen       total 129536K, used 53609K [0x0000000080000000, 0x0000000087e80000, 0x00000000d5580000)
  object space 129536K, 41% used [0x0000000080000000,0x000000008345a548,0x0000000087e80000)
 Metaspace       used 87001K, capacity 93676K, committed 93848K, reserved 1130496K
  class space    used 11975K, capacity 13203K, committed 13232K, reserved 1048576K
}

