# JRE version: OpenJDK Runtime Environment (8.0_242-b01) (build 1.8.0_242-release-1644-b01)
# Java VM: OpenJDK 64-Bit Server VM (25.242-b01 mixed mode windows-amd64 compressed oops)
Heap:
 PSYoungGen      total 85504K, used 47888K [0x00000000d6000000, 0x00000000ddf00000, 0x0000000100000000)
  eden space 64000K, 42% used [0x00000000d6000000,0x00000000d7aa0e28,0x00000000d9e80000)
  from space 21504K, 95% used [0x00000000dca00000,0x00000000dde233d0,0x00000000ddf00000)
  to   space 23040K, 0% used [0x00000000d9e80000,0x00000000d9e80000,0x00000000db500000)
 ParOldGen       total 92160K, used 38519K [0x0000000082000000, 0x0000000087a00000, 0x00000000d6000000)
  object space 92160K, 41% used [0x0000000082000000,0x000000008459dc30,0x0000000087a00000)
 Metaspace       used 47668K, capacity 48394K, committed 48768K, reserved 1091584K
  class space    used 5802K, capacity 6005K, committed 6016K, reserved 1048576K
GC Heap History (10 events):
Event: 2.126 GC heap before
{Heap before GC invocations=6 (full 1):
 PSYoungGen      total 51200K, used 51169K [0x00000000d6000000, 0x00000000daa00000, 0x0000000100000000)
  eden space 46080K, 100% used [0x00000000d6000000,0x00000000d8d00000,0x00000000d8d00000)
  from space 5120K, 99% used [0x00000000da500000,0x00000000da9f8548,0x00000000daa00000)
  to   space 5120K, 0% used [0x00000000da000000,0x00000000da000000,0x00000000da500000)
 ParOldGen       total 92160K, used 24204K [0x0000000082000000, 0x0000000087a00000, 0x00000000d6000000)
  object space 92160K, 26% used [0x0000000082000000,0x00000000837a3108,0x0000000087a00000)
 Metaspace       used 31921K, capacity 32430K, committed 32896K, reserved 1077248K
  class space    used 3953K, capacity 4109K, committed 4224K, reserved 1048576K
Event: 2.133 GC heap after
Heap after GC invocations=6 (full 1):
 PSYoungGen      total 68608K, used 5090K [0x00000000d6000000, 0x00000000dcc00000, 0x0000000100000000)
  eden space 63488K, 0% used [0x00000000d6000000,0x00000000d6000000,0x00000000d9e00000)
  from space 5120K, 99% used [0x00000000da000000,0x00000000da4f8908,0x00000000da500000)
  to   space 23552K, 0% used [0x00000000db500000,0x00000000db500000,0x00000000dcc00000)
 ParOldGen       total 92160K, used 35182K [0x0000000082000000, 0x0000000087a00000, 0x00000000d6000000)
  object space 92160K, 38% used [0x0000000082000000,0x000000008425bb38,0x0000000087a00000)
 Metaspace       used 31921K, capacity 32430K, committed 32896K, reserved 1077248K
  class space    used 3953K, capacity 4109K, committed 4224K, reserved 1048576K
}
Event: 2.322 GC heap before
{Heap before GC invocations=7 (full 1):
 PSYoungGen      total 68608K, used 21454K [0x00000000d6000000, 0x00000000dcc00000, 0x0000000100000000)
  eden space 63488K, 25% used [0x00000000d6000000,0x00000000d6ffb1c0,0x00000000d9e00000)
  from space 5120K, 99% used [0x00000000da000000,0x00000000da4f8908,0x00000000da500000)
  to   space 23552K, 0% used [0x00000000db500000,0x00000000db500000,0x00000000dcc00000)
 ParOldGen       total 92160K, used 35182K [0x0000000082000000, 0x0000000087a00000, 0x00000000d6000000)
  object space 92160K, 38% used [0x0000000082000000,0x000000008425bb38,0x0000000087a00000)
 Metaspace       used 34653K, capacity 35106K, committed 35416K, reserved 1081344K
  class space    used 4380K, capacity 4529K, committed 4608K, reserved 1048576K
Event: 2.327 GC heap after
Heap after GC invocations=7 (full 1):
 PSYoungGen      total 87552K, used 8973K [0x00000000d6000000, 0x00000000de400000, 0x0000000100000000)
  eden space 64000K, 0% used [0x00000000d6000000,0x00000000d6000000,0x00000000d9e80000)
  from space 23552K, 38% used [0x00000000db500000,0x00000000dbdc36e8,0x00000000dcc00000)
  to   space 23040K, 0% used [0x00000000d9e80000,0x00000000d9e80000,0x00000000db500000)
 ParOldGen       total 92160K, used 35190K [0x0000000082000000, 0x0000000087a00000, 0x00000000d6000000)
  object space 92160K, 38% used [0x0000000082000000,0x000000008425db38,0x0000000087a00000)
 Metaspace       used 34653K, capacity 35106K, committed 35416K, reserved 1081344K
  class space    used 4380K, capacity 4529K, committed 4608K, reserved 1048576K
}
Event: 2.327 GC heap before
{Heap before GC invocations=8 (full 2):
 PSYoungGen      total 87552K, used 8973K [0x00000000d6000000, 0x00000000de400000, 0x0000000100000000)
  eden space 64000K, 0% used [0x00000000d6000000,0x00000000d6000000,0x00000000d9e80000)
  from space 23552K, 38% used [0x00000000db500000,0x00000000dbdc36e8,0x00000000dcc00000)
  to   space 23040K, 0% used [0x00000000d9e80000,0x00000000d9e80000,0x00000000db500000)
 ParOldGen       total 92160K, used 35190K [0x0000000082000000, 0x0000000087a00000, 0x00000000d6000000)
  object space 92160K, 38% used [0x0000000082000000,0x000000008425db38,0x0000000087a00000)
 Metaspace       used 34653K, capacity 35106K, committed 35416K, reserved 1081344K
  class space    used 4380K, capacity 4529K, committed 4608K, reserved 1048576K
Event: 2.369 GC heap after
Heap after GC invocations=8 (full 2):
 PSYoungGen      total 87552K, used 0K [0x00000000d6000000, 0x00000000de400000, 0x0000000100000000)
  eden space 64000K, 0% used [0x00000000d6000000,0x00000000d6000000,0x00000000d9e80000)
  from space 23552K, 0% used [0x00000000db500000,0x00000000db500000,0x00000000dcc00000)
  to   space 23040K, 0% used [0x00000000d9e80000,0x00000000d9e80000,0x00000000db500000)
 ParOldGen       total 92160K, used 38503K [0x0000000082000000, 0x0000000087a00000, 0x00000000d6000000)
  object space 92160K, 41% used [0x0000000082000000,0x0000000084599c30,0x0000000087a00000)
 Metaspace       used 34653K, capacity 35106K, committed 35416K, reserved 1081344K
  class space    used 4380K, capacity 4529K, committed 4608K, reserved 1048576K
}
Event: 2.830 GC heap before
{Heap before GC invocations=9 (full 2):
 PSYoungGen      total 87552K, used 64000K [0x00000000d6000000, 0x00000000de400000, 0x0000000100000000)
  eden space 64000K, 100% used [0x00000000d6000000,0x00000000d9e80000,0x00000000d9e80000)
  from space 23552K, 0% used [0x00000000db500000,0x00000000db500000,0x00000000dcc00000)
  to   space 23040K, 0% used [0x00000000d9e80000,0x00000000d9e80000,0x00000000db500000)
 ParOldGen       total 92160K, used 38503K [0x0000000082000000, 0x0000000087a00000, 0x00000000d6000000)
  object space 92160K, 41% used [0x0000000082000000,0x0000000084599c30,0x0000000087a00000)
 Metaspace       used 39150K, capacity 39772K, committed 40192K, reserved 1085440K
  class space    used 4860K, capacity 5043K, committed 5120K, reserved 1048576K
Event: 2.835 GC heap after
Heap after GC invocations=9 (full 2):
 PSYoungGen      total 87040K, used 11180K [0x00000000d6000000, 0x00000000ddf00000, 0x0000000100000000)
  eden space 64000K, 0% used [0x00000000d6000000,0x00000000d6000000,0x00000000d9e80000)
  from space 23040K, 48% used [0x00000000d9e80000,0x00000000da96b3a0,0x00000000db500000)
  to   space 21504K, 0% used [0x00000000dca00000,0x00000000dca00000,0x00000000ddf00000)
 ParOldGen       total 92160K, used 38511K [0x0000000082000000, 0x0000000087a00000, 0x00000000d6000000)
  object space 92160K, 41% used [0x0000000082000000,0x000000008459bc30,0x0000000087a00000)
 Metaspace       used 39150K, capacity 39772K, committed 40192K, reserved 1085440K
  class space    used 4860K, capacity 5043K, committed 5120K, reserved 1048576K
}
Event: 3.649 GC heap before
{Heap before GC invocations=10 (full 2):
 PSYoungGen      total 87040K, used 75180K [0x00000000d6000000, 0x00000000ddf00000, 0x0000000100000000)
  eden space 64000K, 100% used [0x00000000d6000000,0x00000000d9e80000,0x00000000d9e80000)
  from space 23040K, 48% used [0x00000000d9e80000,0x00000000da96b3a0,0x00000000db500000)
  to   space 21504K, 0% used [0x00000000dca00000,0x00000000dca00000,0x00000000ddf00000)
 ParOldGen       total 92160K, used 38511K [0x0000000082000000, 0x0000000087a00000, 0x00000000d6000000)
  object space 92160K, 41% used [0x0000000082000000,0x000000008459bc30,0x0000000087a00000)
 Metaspace       used 44728K, capacity 45434K, committed 45824K, reserved 1089536K
  class space    used 5375K, capacity 5565K, committed 5632K, reserved 1048576K
Event: 3.663 GC heap after
Heap after GC invocations=10 (full 2):
 PSYoungGen      total 85504K, used 20620K [0x00000000d6000000, 0x00000000ddf00000, 0x0000000100000000)
  eden space 64000K, 0% used [0x00000000d6000000,0x00000000d6000000,0x00000000d9e80000)
  from space 21504K, 95% used [0x00000000dca00000,0x00000000dde233d0,0x00000000ddf00000)
  to   space 23040K, 0% used [0x00000000d9e80000,0x00000000d9e80000,0x00000000db500000)
 ParOldGen       total 92160K, used 38519K [0x0000000082000000, 0x0000000087a00000, 0x00000000d6000000)
  object space 92160K, 41% used [0x0000000082000000,0x000000008459dc30,0x0000000087a00000)
 Metaspace       used 44728K, capacity 45434K, committed 45824K, reserved 1089536K
  class space    used 5375K, capacity 5565K, committed 5632K, reserved 1048576K
}

